<?xml version="1.0" encoding="UTF-8"?>
<!-- Generated by org.testng.reporters.JUnitReportReporter -->
<testsuite hostname="DESKTOP-CMTFMUK" failures="0" tests="4" name="com.automation.CalculaterTest" time="0.013" errors="0" timestamp="2022-04-07T22:34:06 IST" skipped="0">
  <testcase classname="com.automation.CalculaterTest" name="subtraction" time="0.001"/>
  <system-out/>
  <testcase classname="com.automation.CalculaterTest" name="division" time="0.001"/>
  <system-out/>
  <testcase classname="com.automation.CalculaterTest" name="addtion" time="0.010"/>
  <system-out/>
  <testcase classname="com.automation.CalculaterTest" name="multilication" time="0.001"/>
  <system-out/>
</testsuite> <!-- com.automation.CalculaterTest -->
